{"failedCount":2,"prefixedPath":"classpath:examples\/users\/login.feature","packageQualifiedName":"examples.users.login","loopIndex":-1,"relativePath":"examples\/users\/login.feature","scenarioResults":[{"sectionIndex":0,"stepResults":[{"result":{"nanos":167715400,"errorMessage":"js failed:\n>>>>\n01: read('\/preconditions\/browser.feature')\n<<<<\norg.graalvm.polyglot.PolyglotException: java.io.FileNotFoundException: C:\\Users\\cyril\\IdeaProjects\\KarateUiAutomationTest\\target\\test-classes\\examples\\users\\preconditions\\browser.feature (The system cannot find the path specified)\n- com.intuit.karate.resource.FileResource.getStream(FileResource.java:98)\n- com.intuit.karate.core.FeatureParser.parse(FeatureParser.java:70)\n- com.intuit.karate.core.Feature.read(Feature.java:67)\n- com.intuit.karate.core.ScenarioFileReader.readFile(ScenarioFileReader.java:64)\n- com.intuit.karate.core.ScenarioEngine.lambda$new$0(ScenarioEngine.java:124)\n- <js>.:program(Unnamed:1)\n\nclasspath:examples\/users\/login.feature:4","millis":167.7154,"status":"failed"},"step":{"background":true,"line":4,"prefix":"*","index":0,"text":"call read('\/preconditions\/browser.feature')"},"stepLog":"09:15:13.604 the browser set is: chrome, default: \"chrome\" \n09:15:13.604 the grid url set is: false, default: false \n09:15:13.761 Selected Chrome \n09:15:13.948 classpath:examples\/users\/login.feature:4\n* call read('\/preconditions\/browser.feature')\njs failed:\n>>>>\n01: read('\/preconditions\/browser.feature')\n<<<<\norg.graalvm.polyglot.PolyglotException: java.io.FileNotFoundException: C:\\Users\\cyril\\IdeaProjects\\KarateUiAutomationTest\\target\\test-classes\\examples\\users\\preconditions\\browser.feature (The system cannot find the path specified)\n- com.intuit.karate.resource.FileResource.getStream(FileResource.java:98)\n- com.intuit.karate.core.FeatureParser.parse(FeatureParser.java:70)\n- com.intuit.karate.core.Feature.read(Feature.java:67)\n- com.intuit.karate.core.ScenarioFileReader.readFile(ScenarioFileReader.java:64)\n- com.intuit.karate.core.ScenarioEngine.lambda$new$0(ScenarioEngine.java:124)\n- <js>.:program(Unnamed:1)\n\nclasspath:examples\/users\/login.feature:4\n"},{"result":{"nanos":0,"millis":0.0,"status":"skipped"},"step":{"background":true,"line":5,"prefix":"*","index":1,"text":"call read 'locators.json'"}},{"result":{"nanos":0,"millis":0.0,"status":"skipped"},"step":{"line":7,"prefix":"And","index":0,"text":"waitFor(login_feature.login_button)"}},{"result":{"nanos":0,"millis":0.0,"status":"skipped"},"step":{"line":8,"prefix":"Then","index":1,"text":"match exists(login_feature.login_button) == true"}}],"line":6,"description":"","durationMillis":167.7154,"failed":true,"error":"js failed:\n>>>>\n01: read('\/preconditions\/browser.feature')\n<<<<\norg.graalvm.polyglot.PolyglotException: java.io.FileNotFoundException: C:\\Users\\cyril\\IdeaProjects\\KarateUiAutomationTest\\target\\test-classes\\examples\\users\\preconditions\\browser.feature (The system cannot find the path specified)\n- com.intuit.karate.resource.FileResource.getStream(FileResource.java:98)\n- com.intuit.karate.core.FeatureParser.parse(FeatureParser.java:70)\n- com.intuit.karate.core.Feature.read(Feature.java:67)\n- com.intuit.karate.core.ScenarioFileReader.readFile(ScenarioFileReader.java:64)\n- com.intuit.karate.core.ScenarioEngine.lambda$new$0(ScenarioEngine.java:124)\n- <js>.:program(Unnamed:1)\n\nclasspath:examples\/users\/login.feature:4","executorName":"pool-1-thread-3","name":"swag labs login button display test","startTime":1633405513104,"refId":"[1:6]","endTime":1633405513948,"exampleIndex":-1},{"sectionIndex":1,"stepResults":[{"result":{"nanos":73838900,"errorMessage":"js failed:\n>>>>\n01: read('\/preconditions\/browser.feature')\n<<<<\norg.graalvm.polyglot.PolyglotException: java.io.FileNotFoundException: C:\\Users\\cyril\\IdeaProjects\\KarateUiAutomationTest\\target\\test-classes\\examples\\users\\preconditions\\browser.feature (The system cannot find the path specified)\n- com.intuit.karate.resource.FileResource.getStream(FileResource.java:98)\n- com.intuit.karate.core.FeatureParser.parse(FeatureParser.java:70)\n- com.intuit.karate.core.Feature.read(Feature.java:67)\n- com.intuit.karate.core.ScenarioFileReader.readFile(ScenarioFileReader.java:64)\n- com.intuit.karate.core.ScenarioEngine.lambda$new$0(ScenarioEngine.java:124)\n- <js>.:program(Unnamed:1)\n\nclasspath:examples\/users\/login.feature:4","millis":73.8389,"status":"failed"},"step":{"background":true,"line":4,"prefix":"*","index":0,"text":"call read('\/preconditions\/browser.feature')"},"stepLog":"09:15:13.589 the browser set is: chrome, default: \"chrome\" \n09:15:13.604 the grid url set is: false, default: false \n09:15:13.745 Selected Chrome \n09:15:13.901 classpath:examples\/users\/login.feature:4\n* call read('\/preconditions\/browser.feature')\njs failed:\n>>>>\n01: read('\/preconditions\/browser.feature')\n<<<<\norg.graalvm.polyglot.PolyglotException: java.io.FileNotFoundException: C:\\Users\\cyril\\IdeaProjects\\KarateUiAutomationTest\\target\\test-classes\\examples\\users\\preconditions\\browser.feature (The system cannot find the path specified)\n- com.intuit.karate.resource.FileResource.getStream(FileResource.java:98)\n- com.intuit.karate.core.FeatureParser.parse(FeatureParser.java:70)\n- com.intuit.karate.core.Feature.read(Feature.java:67)\n- com.intuit.karate.core.ScenarioFileReader.readFile(ScenarioFileReader.java:64)\n- com.intuit.karate.core.ScenarioEngine.lambda$new$0(ScenarioEngine.java:124)\n- <js>.:program(Unnamed:1)\n\nclasspath:examples\/users\/login.feature:4\n"},{"result":{"nanos":0,"millis":0.0,"status":"skipped"},"step":{"background":true,"line":5,"prefix":"*","index":1,"text":"call read 'locators.json'"}},{"result":{"nanos":0,"millis":0.0,"status":"skipped"},"step":{"line":11,"prefix":"And","index":0,"text":"waitFor(login_feature.login_logo)"}},{"result":{"nanos":0,"millis":0.0,"status":"skipped"},"step":{"line":12,"prefix":"Then","index":1,"text":"match exists(login_feature.login_logo) == true"}}],"line":10,"description":"","durationMillis":73.8389,"failed":true,"error":"js failed:\n>>>>\n01: read('\/preconditions\/browser.feature')\n<<<<\norg.graalvm.polyglot.PolyglotException: java.io.FileNotFoundException: C:\\Users\\cyril\\IdeaProjects\\KarateUiAutomationTest\\target\\test-classes\\examples\\users\\preconditions\\browser.feature (The system cannot find the path specified)\n- com.intuit.karate.resource.FileResource.getStream(FileResource.java:98)\n- com.intuit.karate.core.FeatureParser.parse(FeatureParser.java:70)\n- com.intuit.karate.core.Feature.read(Feature.java:67)\n- com.intuit.karate.core.ScenarioFileReader.readFile(ScenarioFileReader.java:64)\n- com.intuit.karate.core.ScenarioEngine.lambda$new$0(ScenarioEngine.java:124)\n- <js>.:program(Unnamed:1)\n\nclasspath:examples\/users\/login.feature:4","executorName":"pool-1-thread-4","name":"swag labs logo display test","startTime":1633405513104,"refId":"[2:10]","endTime":1633405513901,"exampleIndex":-1}],"callDepth":0,"name":"swag labs login page ui test cases","description":"","resultDate":"2021-10-05 09:15:32 AM","durationMillis":241.5543,"passedCount":0}