{"failedCount":1,"prefixedPath":"src\/test\/java\/examples\/users\/home.feature","packageQualifiedName":"src.test.java.examples.users.home","loopIndex":-1,"relativePath":"src\/test\/java\/examples\/users\/home.feature","scenarioResults":[{"sectionIndex":0,"stepResults":[{"result":{"nanos":33094100,"errorMessage":"js failed:\n>>>>\n01: read('..\/preconditions\/common.feature')\n<<<<\norg.graalvm.polyglot.PolyglotException: java.io.FileNotFoundException: C:\\Users\\cyril\\IdeaProjects\\KarateUiAutomationTest\\src\\test\\java\\examples\\users\\..\\preconditions\\common.feature (The system cannot find the path specified)\n- com.intuit.karate.resource.FileResource.getStream(FileResource.java:98)\n- com.intuit.karate.core.FeatureParser.parse(FeatureParser.java:70)\n- com.intuit.karate.core.Feature.read(Feature.java:67)\n- com.intuit.karate.core.ScenarioFileReader.readFile(ScenarioFileReader.java:64)\n- com.intuit.karate.core.ScenarioEngine.lambda$new$0(ScenarioEngine.java:124)\n- <js>.:program(Unnamed:1)\n\nsrc\/test\/java\/examples\/users\/home.feature:6","millis":33.0941,"status":"failed"},"step":{"comments":["#    Given configure driver = { type: 'chromedriver', executable: 'src\/test\/java\/examples\/users\/chromedriver.exe', showDriverLog: false}","#    Given configure driver = { type: 'geckodriver', executable: 'src\/test\/java\/examples\/users\/geckodriver.exe', showDriverLog: false}"],"background":true,"line":6,"prefix":"*","index":0,"text":"call read('..\/preconditions\/common.feature')"},"stepLog":"09:09:40.264 the browser set is: chrome, default: \"chrome\" \n09:09:40.280 the grid url set is: false, default: false \n09:09:40.296 Selected Chrome \n09:09:40.358 src\/test\/java\/examples\/users\/home.feature:6\n* call read('..\/preconditions\/common.feature')\njs failed:\n>>>>\n01: read('..\/preconditions\/common.feature')\n<<<<\norg.graalvm.polyglot.PolyglotException: java.io.FileNotFoundException: C:\\Users\\cyril\\IdeaProjects\\KarateUiAutomationTest\\src\\test\\java\\examples\\users\\..\\preconditions\\common.feature (The system cannot find the path specified)\n- com.intuit.karate.resource.FileResource.getStream(FileResource.java:98)\n- com.intuit.karate.core.FeatureParser.parse(FeatureParser.java:70)\n- com.intuit.karate.core.Feature.read(Feature.java:67)\n- com.intuit.karate.core.ScenarioFileReader.readFile(ScenarioFileReader.java:64)\n- com.intuit.karate.core.ScenarioEngine.lambda$new$0(ScenarioEngine.java:124)\n- <js>.:program(Unnamed:1)\n\nsrc\/test\/java\/examples\/users\/home.feature:6\n"},{"result":{"nanos":0,"millis":0.0,"status":"skipped"},"step":{"line":9,"prefix":"Then","index":0,"text":"waitFor(home_feature.home_title)"}},{"result":{"nanos":0,"millis":0.0,"status":"skipped"},"step":{"line":10,"prefix":"And","index":1,"text":"match exists(home_feature.home_title) == true"}},{"result":{"nanos":0,"millis":0.0,"status":"skipped"},"step":{"line":11,"prefix":"And","index":2,"text":"match text(home_feature.home_title) == 'Products'"}}],"line":8,"description":"","durationMillis":33.0941,"failed":true,"error":"js failed:\n>>>>\n01: read('..\/preconditions\/common.feature')\n<<<<\norg.graalvm.polyglot.PolyglotException: java.io.FileNotFoundException: C:\\Users\\cyril\\IdeaProjects\\KarateUiAutomationTest\\src\\test\\java\\examples\\users\\..\\preconditions\\common.feature (The system cannot find the path specified)\n- com.intuit.karate.resource.FileResource.getStream(FileResource.java:98)\n- com.intuit.karate.core.FeatureParser.parse(FeatureParser.java:70)\n- com.intuit.karate.core.Feature.read(Feature.java:67)\n- com.intuit.karate.core.ScenarioFileReader.readFile(ScenarioFileReader.java:64)\n- com.intuit.karate.core.ScenarioEngine.lambda$new$0(ScenarioEngine.java:124)\n- <js>.:program(Unnamed:1)\n\nsrc\/test\/java\/examples\/users\/home.feature:6","executorName":"main","name":"swag labs home page heading display test","startTime":1633405179874,"refId":"[1:8]","endTime":1633405180358,"exampleIndex":-1}],"callDepth":0,"name":"swag labs home page ui test cases","description":"","resultDate":"2021-10-05 09:09:40 AM","durationMillis":33.0941,"passedCount":0}